{"meta": {"version": "6.2", "timestamp": "2022-05-15T03:27:58.627727", "branch_coverage": false, "show_contexts": false}, "files": {"jspec/__init__.py": {"executed_lines": [1, 4, 5, 6, 8, 10, 11, 12, 13, 15, 16, 17, 18, 20, 21, 22, 23, 25, 45, 47, 65, 67, 78, 80, 92, 94, 110, 112, 129, 130], "summary": {"covered_lines": 29, "num_statements": 29, "percent_covered": 100.0, "percent_covered_display": "100", "missing_lines": 0, "excluded_lines": 0}, "missing_lines": [], "excluded_lines": []}, "jspec/entity.py": {"executed_lines": [1, 4, 5, 30, 31, 32, 34, 35, 36, 37, 39, 40, 42, 43, 54, 55, 57, 58, 60, 61, 82, 86, 90, 91, 92, 94, 95, 96, 97, 99, 101, 103, 105, 107, 108, 127, 131, 136, 137, 142, 143, 148, 149, 175, 179, 184, 185, 186, 188, 189, 191, 192, 193, 194, 196, 197, 199, 200, 202, 203, 205, 206, 208, 209, 227, 231, 235, 236, 241, 242, 247, 248, 259, 263, 264, 268, 269, 280, 284, 285, 288, 289, 300, 304, 305, 308, 309, 320, 324, 325, 328, 329, 339, 343, 344, 347, 348, 356, 360, 364, 365, 367, 368, 379, 383, 384, 388, 389, 402, 406, 407, 410, 411, 436, 440, 441, 446, 447, 456, 460, 461, 463, 464, 466, 467, 470, 471, 474, 475, 478, 479, 482, 483, 486, 487, 490, 491, 497, 501, 502, 504, 505, 511, 515, 516, 518, 519, 525, 529, 530, 532, 533, 539, 543, 544, 546, 547, 562, 566, 569, 573, 574, 589, 593, 596, 600, 601, 616, 620, 623, 627, 628, 633, 637, 638, 640, 641, 643, 644, 647, 648, 651, 652, 655, 656, 659, 660, 663, 664, 667, 668, 671, 672, 675, 676, 708, 713, 714, 715, 716, 718, 719, 721, 722, 723, 724, 725, 726, 728, 729, 731, 732, 738, 739, 741, 742, 744, 745, 764, 765, 766, 767, 769, 770, 771, 772, 773, 774, 776, 777, 779, 780, 785, 786, 788, 789, 791, 792, 818, 821, 825, 826, 852, 855, 858, 859, 862, 863, 868, 872, 873, 875, 876, 878, 879, 881, 882, 885, 886, 891, 895, 896, 898, 899, 901, 902], "summary": {"covered_lines": 228, "num_statements": 228, "percent_covered": 100.0, "percent_covered_display": "100", "missing_lines": 0, "excluded_lines": 0}, "missing_lines": [], "excluded_lines": []}, "jspec/matcher.py": {"executed_lines": [1, 4, 5, 6, 8, 40, 49, 50, 77, 78, 79, 80, 81, 83, 84, 86, 87, 92, 93, 94, 95, 97, 101, 102, 103, 105, 107, 108, 110, 112, 114, 117, 119, 131, 132, 133, 134, 135, 137, 148, 149, 151, 152, 154, 155, 157, 158, 160, 161, 163, 164, 166, 167, 169, 170, 172, 173, 175, 176, 178, 179, 181, 182, 184, 185, 187, 188, 190, 191, 193, 194, 196, 197, 199, 200, 202, 204, 215, 216, 217, 218, 219, 220, 222, 238, 240, 241, 242, 243, 245, 246, 248, 249, 250, 251, 252, 253, 254, 255, 256, 257, 258, 259, 260, 261, 262, 263, 264, 265, 266, 267, 268, 269, 270, 271, 272, 274, 275, 276, 277, 279, 292, 293, 294, 295, 296, 297, 298, 300, 321, 322, 323, 324, 325, 326, 327, 328, 329, 330, 331, 332, 333, 334, 335, 336, 337, 339, 350, 351, 352, 353, 354, 355, 357, 373, 375, 376, 377, 378, 380, 381, 384, 385, 386, 387, 388, 390, 392, 393, 395, 396, 397, 398, 399, 400, 401, 402, 403, 404, 405, 406, 407, 408, 409, 410, 411, 413, 414, 415, 416, 418, 438, 439, 440, 441, 442, 443, 444, 445, 446, 447, 448, 449, 450, 451, 452, 453, 454, 456, 467, 468, 469, 470, 471, 473, 484, 485, 486, 487, 488, 490, 501, 502, 503, 504, 505, 507, 519, 520, 521, 522, 523, 525, 536, 537, 538, 540, 552, 553, 554, 556, 567, 568, 569, 570, 572, 583, 584, 585, 586, 587, 588, 589, 590, 591, 592, 594, 606, 607, 608, 609, 610, 611, 612, 613, 614, 615, 616, 617, 618, 619, 620, 621, 622, 623, 624, 626, 638, 639, 640, 642, 654, 655, 656, 658, 670, 671, 672, 674, 686, 687, 688, 690, 702, 703, 704, 705, 706, 707, 708, 709, 710, 711, 712, 713, 714, 715, 716, 717, 718, 719, 720, 721, 722, 724, 726, 738, 739, 740, 741, 742, 743, 744, 745, 746, 747, 748, 749, 750, 751, 752, 753, 754, 755, 756, 757, 758, 760, 762, 774, 775, 776, 777, 778, 779, 780, 781, 782, 783, 784, 785, 786, 787, 788, 789, 790, 791, 792, 793, 794, 796], "summary": {"covered_lines": 359, "num_statements": 359, "percent_covered": 100.0, "percent_covered_display": "100", "missing_lines": 0, "excluded_lines": 0}, "missing_lines": [], "excluded_lines": []}, "jspec/scanner.py": {"executed_lines": [1, 4, 5, 7, 42, 43, 51, 52, 53, 54, 55, 57, 63, 69, 75, 81, 84, 88, 94, 100, 103, 123, 124, 125, 126, 128, 129, 153, 154, 155, 156, 157, 158, 160, 161, 162, 163, 164, 165, 166, 167, 169, 182, 183, 184, 185, 186, 187, 188, 189, 190, 191, 193, 211, 212, 213, 214, 216, 217, 219, 220, 222, 223, 225, 226, 228, 229, 231, 232, 234, 235, 237, 238, 240, 241, 243, 244, 246, 247, 249, 250, 252, 253, 255, 256, 258, 259, 261, 262, 264, 265, 267, 268, 270, 272, 289, 290, 291, 292, 293, 294, 295, 296, 297, 298, 300, 301, 302, 303, 304, 305, 306, 307, 308, 309, 311, 312, 314, 315, 316, 317, 318, 319, 320, 321, 322, 323, 324, 325, 326, 327, 328, 330, 331, 332, 333, 334, 335, 336, 337, 338, 339, 340, 341, 343, 361, 362, 363, 364, 366, 367, 368, 370, 371, 372, 373, 374, 375, 376, 377, 378, 379, 380, 381, 382, 383, 384, 385, 386, 387, 388, 390, 391, 393, 394, 395, 396, 397, 398, 399, 400, 401, 402, 403, 405, 406, 407, 408, 409, 411, 428, 429, 430, 432, 449, 450, 451, 452, 453, 454, 455, 456, 457, 458, 460, 461, 462, 463, 464, 466, 467, 468, 469, 470, 471, 472, 473, 474, 475, 476, 477, 478, 479, 480, 481, 482, 483, 484, 486, 504, 505, 506, 508, 510, 511, 512, 513, 514, 515, 516, 517, 518, 519, 520, 521, 522, 524, 525, 527, 528, 529, 530, 531, 532, 533, 534, 535, 536, 537, 539, 540, 541, 542, 543, 545, 562, 563, 564, 566, 583, 584, 585, 586, 587, 588, 590, 608, 609, 610, 611, 612, 613, 615, 616, 618, 636, 637, 638, 639, 640, 641, 643, 661, 662, 663, 664, 665, 666, 668, 686, 687, 688, 689, 690, 691, 692, 693, 694, 695, 696, 697, 698, 699, 700, 701, 702, 704, 705, 706, 707, 708, 710, 728, 729, 730, 731, 732, 733, 734, 735, 736, 737, 738, 740, 741, 743, 761, 762, 763, 764, 765, 766, 767, 768, 769, 770, 771, 773, 774, 776, 794, 795, 796, 797, 798, 799, 800, 801, 802, 803, 804, 806, 807, 809, 823, 824, 825, 826, 827, 828, 829, 830, 832, 848, 849, 850, 851, 852, 853, 854, 855, 856, 857, 858, 859, 860, 861, 862, 863, 864, 865, 866, 867, 868, 869, 870, 871, 872, 874, 893, 894, 895, 901, 902, 903, 904, 905, 906, 907, 910, 911, 912, 913, 916, 917, 918, 919, 921, 922, 924, 927, 929, 932, 934, 936, 937, 938, 940, 942, 943, 944, 946, 949, 950, 951, 953, 956, 957, 958, 959, 960, 961, 962, 964, 967, 968, 970, 974, 975, 977, 982, 983, 985, 989, 990, 991, 992, 993, 994, 995, 996, 1000, 1001, 1002, 1003, 1007, 1008, 1010, 1011, 1013, 1017, 1018, 1019, 1020, 1021], "summary": {"covered_lines": 472, "num_statements": 472, "percent_covered": 100.0, "percent_covered_display": "100", "missing_lines": 0, "excluded_lines": 0}, "missing_lines": [], "excluded_lines": []}}, "totals": {"covered_lines": 1088, "num_statements": 1088, "percent_covered": 100.0, "percent_covered_display": "100", "missing_lines": 0, "excluded_lines": 0}}