{"meta": {"version": "6.2", "timestamp": "2021-12-29T20:09:08.262012", "branch_coverage": false, "show_contexts": false}, "files": {"jspec/__init__.py": {"executed_lines": [1, 4, 5, 6, 8, 10, 11, 12, 13, 15, 16, 17, 18, 20, 21, 22, 23, 25, 40, 42, 55, 57, 68, 70, 82, 84, 100, 102, 119, 120], "summary": {"covered_lines": 29, "num_statements": 29, "percent_covered": 100.0, "percent_covered_display": "100", "missing_lines": 0, "excluded_lines": 0}, "missing_lines": [], "excluded_lines": []}, "jspec/entity.py": {"executed_lines": [1, 4, 5, 28, 29, 31, 32, 34, 35, 37, 38, 49, 50, 52, 53, 55, 56, 77, 81, 85, 86, 87, 89, 90, 91, 92, 94, 95, 97, 98, 100, 101, 120, 124, 129, 130, 135, 136, 141, 142, 168, 172, 177, 178, 179, 181, 182, 184, 185, 186, 187, 189, 190, 192, 193, 195, 196, 198, 199, 201, 202, 220, 224, 228, 229, 234, 235, 240, 241, 252, 256, 257, 261, 262, 273, 277, 278, 281, 282, 293, 297, 298, 301, 302, 313, 317, 318, 321, 322, 332, 336, 337, 340, 341, 349, 353, 357, 358, 360, 361, 372, 376, 377, 381, 382, 395, 399, 400, 403, 404, 429, 433, 434, 439, 440, 449, 453, 454, 456, 457, 459, 460, 463, 464, 467, 468, 471, 472, 475, 476, 479, 480, 483, 484, 490, 494, 495, 497, 498, 504, 508, 509, 511, 512, 518, 522, 523, 525, 526, 532, 536, 537, 539, 540, 555, 559, 562, 566, 567, 582, 586, 589, 593, 594, 609, 613, 616, 620, 621, 626, 630, 631, 633, 634, 636, 637, 640, 641, 644, 645, 648, 649, 652, 653, 656, 657, 660, 661, 664, 665, 668, 669, 701, 706, 707, 708, 709, 711, 712, 714, 715, 716, 717, 718, 719, 721, 722, 724, 725, 731, 732, 734, 735, 737, 738, 757, 758, 759, 760, 762, 763, 764, 765, 766, 767, 769, 770, 772, 773, 778, 779, 781, 782, 784, 785, 811, 814, 818, 819, 845, 848, 851, 852, 855, 856, 861, 865, 866, 868, 869, 871, 872, 874, 875, 878, 879, 884, 888, 889, 891, 892, 894, 895], "summary": {"covered_lines": 225, "num_statements": 225, "percent_covered": 100.0, "percent_covered_display": "100", "missing_lines": 0, "excluded_lines": 0}, "missing_lines": [], "excluded_lines": []}, "jspec/matcher.py": {"executed_lines": [1, 4, 5, 6, 8, 40, 49, 50, 77, 78, 79, 80, 81, 83, 84, 86, 87, 92, 93, 94, 95, 97, 101, 102, 103, 105, 107, 108, 110, 112, 114, 117, 119, 131, 132, 133, 134, 135, 137, 148, 149, 151, 152, 154, 155, 157, 158, 160, 161, 163, 164, 166, 167, 169, 170, 172, 173, 175, 176, 178, 179, 181, 182, 184, 185, 187, 188, 190, 191, 193, 194, 196, 197, 199, 200, 202, 204, 215, 216, 217, 218, 219, 220, 222, 238, 240, 241, 242, 243, 245, 246, 248, 249, 250, 251, 252, 253, 254, 255, 256, 257, 258, 259, 260, 261, 262, 263, 264, 265, 266, 267, 268, 269, 270, 271, 272, 274, 275, 276, 277, 279, 292, 293, 294, 295, 296, 297, 298, 300, 321, 322, 323, 324, 325, 326, 327, 328, 329, 330, 331, 332, 333, 334, 335, 336, 337, 339, 350, 351, 352, 353, 354, 355, 357, 373, 375, 376, 377, 378, 380, 381, 384, 385, 386, 387, 388, 390, 392, 393, 395, 396, 397, 398, 399, 400, 401, 402, 403, 404, 405, 406, 407, 408, 409, 410, 411, 413, 414, 415, 416, 418, 438, 439, 440, 441, 442, 443, 444, 445, 446, 447, 448, 449, 450, 451, 452, 453, 454, 456, 467, 468, 469, 470, 471, 473, 484, 485, 486, 487, 488, 490, 501, 502, 503, 504, 505, 507, 519, 520, 521, 522, 523, 525, 536, 537, 538, 540, 552, 553, 554, 556, 567, 568, 569, 570, 572, 583, 584, 585, 586, 587, 588, 589, 590, 591, 592, 594, 606, 607, 608, 609, 610, 611, 612, 613, 614, 615, 616, 617, 618, 619, 620, 621, 622, 623, 624, 626, 638, 639, 640, 642, 654, 655, 656, 658, 670, 671, 672, 674, 686, 687, 688, 690, 702, 703, 704, 705, 706, 707, 708, 709, 710, 711, 712, 713, 714, 715, 716, 717, 718, 719, 720, 721, 722, 724, 726, 738, 739, 740, 741, 742, 743, 744, 745, 746, 747, 748, 749, 750, 751, 752, 753, 754, 755, 756, 757, 758, 760, 762, 774, 775, 776, 777, 778, 779, 780, 781, 782, 783, 784, 785, 786, 787, 788, 789, 790, 791, 792, 793, 794, 796], "summary": {"covered_lines": 359, "num_statements": 359, "percent_covered": 100.0, "percent_covered_display": "100", "missing_lines": 0, "excluded_lines": 0}, "missing_lines": [], "excluded_lines": []}, "jspec/scanner.py": {"executed_lines": [1, 4, 6, 41, 42, 50, 51, 52, 53, 54, 56, 62, 68, 74, 80, 83, 87, 93, 100, 113, 114, 115, 116, 117, 118, 119, 120, 121, 122, 124, 142, 143, 144, 145, 147, 148, 150, 151, 153, 154, 156, 157, 159, 160, 162, 163, 165, 166, 168, 169, 171, 172, 174, 175, 177, 178, 180, 181, 183, 184, 186, 187, 189, 190, 192, 193, 195, 196, 198, 199, 201, 203, 220, 222, 223, 224, 225, 226, 228, 229, 230, 231, 232, 233, 234, 235, 236, 237, 239, 240, 242, 243, 244, 245, 246, 247, 248, 249, 250, 251, 252, 253, 254, 255, 256, 258, 259, 260, 261, 262, 263, 264, 265, 267, 285, 286, 287, 289, 291, 292, 293, 295, 296, 297, 298, 299, 300, 301, 302, 303, 304, 305, 306, 307, 308, 309, 310, 311, 312, 313, 315, 316, 318, 319, 320, 321, 322, 323, 324, 325, 326, 327, 328, 330, 331, 332, 333, 334, 336, 353, 354, 355, 357, 374, 375, 376, 377, 378, 379, 381, 382, 383, 384, 385, 387, 388, 389, 390, 391, 392, 393, 394, 395, 396, 397, 398, 399, 400, 401, 403, 421, 422, 423, 425, 427, 428, 429, 430, 431, 432, 433, 434, 435, 436, 437, 438, 439, 441, 442, 444, 445, 446, 447, 448, 449, 450, 451, 452, 453, 454, 456, 457, 458, 459, 460, 462, 479, 480, 481, 483, 500, 501, 502, 503, 504, 505, 507, 525, 526, 527, 528, 529, 530, 532, 533, 535, 553, 554, 555, 556, 557, 558, 560, 578, 579, 580, 581, 582, 583, 585, 603, 604, 605, 606, 607, 608, 609, 610, 611, 612, 613, 614, 615, 616, 617, 618, 619, 621, 622, 623, 624, 625, 627, 645, 646, 647, 648, 649, 650, 651, 652, 653, 654, 655, 657, 658, 660, 678, 679, 680, 681, 682, 683, 684, 685, 686, 687, 688, 690, 691, 693, 711, 712, 713, 714, 715, 716, 717, 718, 719, 720, 721, 723, 724, 726, 740, 741, 742, 743, 744, 745, 746, 747, 749, 765, 766, 767, 768, 769, 770, 771, 772, 773, 774, 775, 776, 777, 778, 779, 780], "summary": {"covered_lines": 348, "num_statements": 348, "percent_covered": 100.0, "percent_covered_display": "100", "missing_lines": 0, "excluded_lines": 0}, "missing_lines": [], "excluded_lines": []}}, "totals": {"covered_lines": 961, "num_statements": 961, "percent_covered": 100.0, "percent_covered_display": "100", "missing_lines": 0, "excluded_lines": 0}}